Read in data...
<class 'pandas.core.frame.DataFrame'>
DatetimeIndex: 510070 entries, 2015-09-16 03:51:00 to 2016-05-03 20:55:00
Data columns (total 21 columns):
ID                      510070 non-null int64
Case Number             510070 non-null object
Block                   510070 non-null object
IUCR                    510070 non-null object
Primary Type            510070 non-null object
Description             510070 non-null object
Location Description    510070 non-null object
Arrest                  510070 non-null bool
Domestic                510070 non-null bool
Beat                    510070 non-null int64
District                510070 non-null int64
Ward                    510070 non-null float64
Community Area          510070 non-null int64
FBI Code                510070 non-null object
X Coordinate            510070 non-null float64
Y Coordinate            510070 non-null float64
Year                    510070 non-null int64
Updated On              510070 non-null object
Latitude                510070 non-null float64
Longitude               510070 non-null float64
Location                510070 non-null object
dtypes: bool(2), float64(5), int64(5), object(9)
memory usage: 78.8+ MB
None

Extract features...
<class 'pandas.core.frame.DataFrame'>
DatetimeIndex: 510070 entries, 2015-09-16 03:51:00 to 2016-05-03 20:55:00
Data columns (total 14 columns):
Primary Type            510070 non-null object
Location Description    510070 non-null object
Arrest                  510070 non-null bool
Domestic                510070 non-null bool
Beat                    510070 non-null int64
District                510070 non-null int64
Ward                    510070 non-null float64
Community Area          510070 non-null int64
Year                    510070 non-null int64
Latitude                510070 non-null float64
Longitude               510070 non-null float64
Hour                    510070 non-null int64
Weekday                 510070 non-null int64
Month                   510070 non-null int64
dtypes: bool(2), float64(3), int64(7), object(2)
memory usage: 51.6+ MB
None
Splitting data...
x_Training set has 61208 rows, 14 columns.
x_Test set has 40806 rows, 14 columns.
Start grid search for xgb...
{'gamma': [0, 0.1, 0.2, 0.3, 0.4],
 'learning_rate': [0.1],
 'max_depth': [2, 3, 4, 5],
 'n_estimators': [600]}
Best parameters chosen is: {'n_estimators': 600, 'learning_rate': 0.1, 'max_depth': 4, 'gamma': 0.4}
Best score is: -1.49704044387
Time used for searching is 36.440839982 min.
    mean_fit_time  mean_score_time  mean_test_score  mean_train_score  \
0       18.327045         0.654201        -1.508767         -1.461338   
1       25.246000         0.751474        -1.498702         -1.381663   
2       32.974262         0.856579        -1.499209         -1.274304   
3       44.143096         1.011391        -1.508531         -1.138726   
4       21.305980         0.660851        -1.508605         -1.461245   
5       32.456967         0.805989        -1.498579         -1.381975   
6       39.434006         0.870951        -1.499141         -1.275830   
7       45.742056         1.000595        -1.508786         -1.141093   
8       20.847142         0.646410        -1.508642         -1.461330   
9       32.884291         0.749935        -1.498182         -1.381844   
10      41.762950         0.844048        -1.498500         -1.277873   
11      44.828910         1.003408        -1.507585         -1.144897   
12      20.817767         0.618826        -1.508516         -1.462039   
13      28.841756         0.727001        -1.497772         -1.384937   
14      36.654709         0.830638        -1.497687         -1.283354   
15      45.401372         0.968432        -1.507382         -1.148761   
16      20.227747         0.611771        -1.508425         -1.463921   
17      28.378646         0.689901        -1.497702         -1.392741   
18      37.122702         0.811158        -1.497040         -1.289732   
19      44.990220         0.924047        -1.503655         -1.168668   

   param_gamma param_learning_rate param_max_depth param_n_estimators  \
0            0                 0.1               2                600   
1            0                 0.1               3                600   
2            0                 0.1               4                600   
3            0                 0.1               5                600   
4          0.1                 0.1               2                600   
5          0.1                 0.1               3                600   
6          0.1                 0.1               4                600   
7          0.1                 0.1               5                600   
8          0.2                 0.1               2                600   
9          0.2                 0.1               3                600   
10         0.2                 0.1               4                600   
11         0.2                 0.1               5                600   
12         0.3                 0.1               2                600   
13         0.3                 0.1               3                600   
14         0.3                 0.1               4                600   
15         0.3                 0.1               5                600   
16         0.4                 0.1               2                600   
17         0.4                 0.1               3                600   
18         0.4                 0.1               4                600   
19         0.4                 0.1               5                600   

                                               params  rank_test_score  \
0   {u'n_estimators': 600, u'learning_rate': 0.1, ...               19   
1   {u'n_estimators': 600, u'learning_rate': 0.1, ...                8   
2   {u'n_estimators': 600, u'learning_rate': 0.1, ...               10   
3   {u'n_estimators': 600, u'learning_rate': 0.1, ...               16   
4   {u'n_estimators': 600, u'learning_rate': 0.1, ...               17   
5   {u'n_estimators': 600, u'learning_rate': 0.1, ...                7   
6   {u'n_estimators': 600, u'learning_rate': 0.1, ...                9   
7   {u'n_estimators': 600, u'learning_rate': 0.1, ...               20   
8   {u'n_estimators': 600, u'learning_rate': 0.1, ...               18   
9   {u'n_estimators': 600, u'learning_rate': 0.1, ...                5   
10  {u'n_estimators': 600, u'learning_rate': 0.1, ...                6   
11  {u'n_estimators': 600, u'learning_rate': 0.1, ...               13   
12  {u'n_estimators': 600, u'learning_rate': 0.1, ...               15   
13  {u'n_estimators': 600, u'learning_rate': 0.1, ...                4   
14  {u'n_estimators': 600, u'learning_rate': 0.1, ...                2   
15  {u'n_estimators': 600, u'learning_rate': 0.1, ...               12   
16  {u'n_estimators': 600, u'learning_rate': 0.1, ...               14   
17  {u'n_estimators': 600, u'learning_rate': 0.1, ...                3   
18  {u'n_estimators': 600, u'learning_rate': 0.1, ...                1   
19  {u'n_estimators': 600, u'learning_rate': 0.1, ...               11   

    split0_test_score  split0_train_score  split1_test_score  \
0           -1.509921           -1.460820          -1.508343   
1           -1.500563           -1.380813          -1.498080   
2           -1.501216           -1.275738          -1.498208   
3           -1.510007           -1.144675          -1.507586   
4           -1.509847           -1.460720          -1.508461   
5           -1.499662           -1.381215          -1.497651   
6           -1.499624           -1.275382          -1.499590   
7           -1.510362           -1.143516          -1.506543   
8           -1.509748           -1.460506          -1.508683   
9           -1.499440           -1.380968          -1.497415   
10          -1.499563           -1.279621          -1.497898   
11          -1.508765           -1.149718          -1.505480   
12          -1.509488           -1.461458          -1.508678   
13          -1.499111           -1.385137          -1.496558   
14          -1.497458           -1.288313          -1.498300   
15          -1.508552           -1.157262          -1.505434   
16          -1.509492           -1.464109          -1.508027   
17          -1.498942           -1.396305          -1.497120   
18          -1.496944           -1.296846          -1.497776   
19          -1.502427           -1.182527          -1.502822   

    split1_train_score  split2_test_score  split2_train_score  std_fit_time  \
0            -1.462276          -1.508038           -1.460920      0.250688   
1            -1.382605          -1.497462           -1.381570      0.524313   
2            -1.275179          -1.498203           -1.271994      0.228677   
3            -1.137464          -1.507999           -1.134039      2.401256   
4            -1.462331          -1.507506           -1.460684      0.885667   
5            -1.382520          -1.498423           -1.382192      0.699580   
6            -1.274837          -1.498210           -1.277271      1.866227   
7            -1.138714          -1.509454           -1.141049      0.653705   
8            -1.462701          -1.507496           -1.460784      0.603272   
9            -1.383357          -1.497691           -1.381207      4.553180   
10           -1.276603          -1.498040           -1.277396      5.291553   
11           -1.140217          -1.508511           -1.144756      0.327685   
12           -1.463038          -1.507381           -1.461620      1.047036   
13           -1.385418          -1.497646           -1.384256      0.660930   
14           -1.278045          -1.497305           -1.283703      0.420166   
15           -1.143949          -1.508161           -1.145070      0.400545   
16           -1.464472          -1.507754           -1.463181      0.090201   
17           -1.394398          -1.497045           -1.387520      0.653273   
18           -1.285251          -1.496401           -1.287097      0.418769   
19           -1.168091          -1.505717           -1.155386      0.212313   

    std_score_time  std_test_score  std_train_score  
0         0.004648        0.000825         0.000664  
1         0.036276        0.001340         0.000734  
2         0.013358        0.001419         0.001649  
3         0.019039        0.001057         0.004433  
4         0.016735        0.000961         0.000768  
5         0.044169        0.000828         0.000554  
6         0.002039        0.000659         0.001043  
7         0.008163        0.001629         0.001961  
8         0.000689        0.000920         0.000976  
9         0.007159        0.000897         0.001075  
10        0.004895        0.000754         0.001278  
11        0.018394        0.001492         0.003880  
12        0.003111        0.000867         0.000710  
13        0.014817        0.001046         0.000495  
14        0.019787        0.000438         0.004199  
15        0.010971        0.001387         0.006029  
16        0.008321        0.000763         0.000544  
17        0.019536        0.000877         0.003773  
18        0.005642        0.000566         0.005087  
19        0.009731        0.001467         0.011088  
accuracy: 0.423198
Time used: 37.5403801163.
