x_Training set has 61208 rows, 14 columns.
x_Test set has 40806 rows, 14 columns.
Start grid search for xgb...
{'learning_rate': [0.01, 0.05, 0.1], 'n_estimators': [200, 300, 400]}
Best parameters chosen is: {'n_estimators': 400, 'learning_rate': 0.1}
Best score is: -1.50509322942
Time used for searching is 7.60427371661 min.
   mean_fit_time  mean_score_time  mean_test_score  mean_train_score  \
0       9.177145         0.238188        -1.694277         -1.690208   
1      16.811016         0.345747        -1.630047         -1.623872   
2      20.541478         0.468687        -1.594835         -1.586556   
3      10.217453         0.270922        -1.533590         -1.512338   
4      17.442246         0.455470        -1.520617         -1.488654   
5      18.892795         0.577665        -1.513726         -1.471173   
6       8.668475         0.290374        -1.513917         -1.470741   
7      13.232352         0.436102        -1.507365         -1.443420   
8      17.472491         0.568503        -1.505093         -1.421573   

  param_learning_rate param_n_estimators  \
0                0.01                200   
1                0.01                300   
2                0.01                400   
3                0.05                200   
4                0.05                300   
5                0.05                400   
6                 0.1                200   
7                 0.1                300   
8                 0.1                400   

                                           params  rank_test_score  \
0  {u'n_estimators': 200, u'learning_rate': 0.01}                9   
1  {u'n_estimators': 300, u'learning_rate': 0.01}                8   
2  {u'n_estimators': 400, u'learning_rate': 0.01}                7   
3  {u'n_estimators': 200, u'learning_rate': 0.05}                6   
4  {u'n_estimators': 300, u'learning_rate': 0.05}                5   
5  {u'n_estimators': 400, u'learning_rate': 0.05}                3   
6   {u'n_estimators': 200, u'learning_rate': 0.1}                4   
7   {u'n_estimators': 300, u'learning_rate': 0.1}                2   
8   {u'n_estimators': 400, u'learning_rate': 0.1}                1   

   split0_test_score  split0_train_score  split1_test_score  \
0          -1.693554           -1.690525          -1.697478   
1          -1.628587           -1.623744          -1.634268   
2          -1.593242           -1.586325          -1.599824   
3          -1.531566           -1.512539          -1.539381   
4          -1.518055           -1.488243          -1.527566   
5          -1.511138           -1.470656          -1.520703   
6          -1.511500           -1.470537          -1.520217   
7          -1.505291           -1.443543          -1.513678   
8          -1.503517           -1.421459          -1.510919   

   split1_train_score  split2_test_score  split2_train_score  std_fit_time  \
0           -1.687541          -1.691801           -1.692560      0.496336   
1           -1.621125          -1.627285           -1.626747      0.628058   
2           -1.584081          -1.591439           -1.589262      0.539264   
3           -1.509408          -1.529822           -1.515067      0.894083   
4           -1.486551          -1.516228           -1.491167      3.427615   
5           -1.468954          -1.509338           -1.473910      1.810515   
6           -1.467939          -1.510035           -1.473746      0.148600   
7           -1.440805          -1.503125           -1.445912      0.465521   
8           -1.418257          -1.500843           -1.425002      0.268576   

   std_score_time  std_test_score  std_train_score  
0        0.009964        0.002373         0.002061  
1        0.005794        0.003032         0.002297  
2        0.001455        0.003604         0.002122  
3        0.005406        0.004156         0.002315  
4        0.047598        0.004971         0.001907  
5        0.024927        0.004988         0.002056  
6        0.004973        0.004495         0.002375  
7        0.005473        0.004551         0.002087  
8        0.004078        0.004262         0.002755  
accuracy: 0.427021
Time used: 12.0278396964.

