Read in data...
<class 'pandas.core.frame.DataFrame'>
DatetimeIndex: 510070 entries, 2015-09-16 03:51:00 to 2016-05-03 20:55:00
Data columns (total 21 columns):
ID                      510070 non-null int64
Case Number             510070 non-null object
Block                   510070 non-null object
IUCR                    510070 non-null object
Primary Type            510070 non-null object
Description             510070 non-null object
Location Description    510070 non-null object
Arrest                  510070 non-null bool
Domestic                510070 non-null bool
Beat                    510070 non-null int64
District                510070 non-null int64
Ward                    510070 non-null float64
Community Area          510070 non-null int64
FBI Code                510070 non-null object
X Coordinate            510070 non-null float64
Y Coordinate            510070 non-null float64
Year                    510070 non-null int64
Updated On              510070 non-null object
Latitude                510070 non-null float64
Longitude               510070 non-null float64
Location                510070 non-null object
dtypes: bool(2), float64(5), int64(5), object(9)
memory usage: 78.8+ MB
None

Extract features...
<class 'pandas.core.frame.DataFrame'>
DatetimeIndex: 510070 entries, 2015-09-16 03:51:00 to 2016-05-03 20:55:00
Data columns (total 14 columns):
Primary Type            510070 non-null object
Location Description    510070 non-null object
Arrest                  510070 non-null bool
Domestic                510070 non-null bool
Beat                    510070 non-null int64
District                510070 non-null int64
Ward                    510070 non-null float64
Community Area          510070 non-null int64
Year                    510070 non-null int64
Latitude                510070 non-null float64
Longitude               510070 non-null float64
Hour                    510070 non-null int64
Weekday                 510070 non-null int64
Month                   510070 non-null int64
dtypes: bool(2), float64(3), int64(7), object(2)
memory usage: 51.6+ MB
None
Splitting data...
x_Training set has 61208 rows, 13 columns.
x_Test set has 40806 rows, 13 columns.
Start grid search for xgb...
{'learning_rate': [0.05, 0.1, 0.15, 0.2],
 'n_estimators': [300, 400, 500, 600, 700]}
Best parameters chosen is: {'n_estimators': 600, 'learning_rate': 0.1}
Best score is: -1.50580250445
Time used for searching is 23.852691551 min.
    mean_fit_time  mean_score_time  mean_test_score  mean_train_score  \
0       12.916509         0.399818        -1.522183         -1.490308   
1       17.088661         0.529799        -1.516026         -1.474260   
2       21.507433         0.687541        -1.512173         -1.461133   
3       25.492805         0.831207        -1.510027         -1.449941   
4       29.596492         0.949023        -1.508357         -1.439502   
5       12.770247         0.422003        -1.509569         -1.448482   
6       16.862700         0.573355        -1.507098         -1.428213   
7       21.023226         0.711104        -1.506127         -1.410935   
8       24.826859         0.869944        -1.505803         -1.395547   
9       29.740848         0.995256        -1.506048         -1.380736   
10      12.671424         0.429630        -1.505808         -1.417158   
11      16.766709         0.568848        -1.505960         -1.393207   
12      21.625894         0.706642        -1.506590         -1.372029   
13      25.411695         0.839332        -1.508459         -1.353328   
14      30.538546         0.958071        -1.510127         -1.335989   
15      12.526701         0.412257        -1.505997         -1.390903   
16      16.565584         0.564809        -1.507309         -1.363050   
17      20.818708         0.702624        -1.509596         -1.339320   
18      24.939616         0.833892        -1.512390         -1.317761   
19      28.870852         0.969392        -1.515001         -1.297999   

   param_learning_rate param_n_estimators  \
0                 0.05                300   
1                 0.05                400   
2                 0.05                500   
3                 0.05                600   
4                 0.05                700   
5                  0.1                300   
6                  0.1                400   
7                  0.1                500   
8                  0.1                600   
9                  0.1                700   
10                0.15                300   
11                0.15                400   
12                0.15                500   
13                0.15                600   
14                0.15                700   
15                 0.2                300   
16                 0.2                400   
17                 0.2                500   
18                 0.2                600   
19                 0.2                700   

                                            params  rank_test_score  \
0   {u'n_estimators': 300, u'learning_rate': 0.05}               20   
1   {u'n_estimators': 400, u'learning_rate': 0.05}               19   
2   {u'n_estimators': 500, u'learning_rate': 0.05}               16   
3   {u'n_estimators': 600, u'learning_rate': 0.05}               14   
4   {u'n_estimators': 700, u'learning_rate': 0.05}               10   
5    {u'n_estimators': 300, u'learning_rate': 0.1}               12   
6    {u'n_estimators': 400, u'learning_rate': 0.1}                8   
7    {u'n_estimators': 500, u'learning_rate': 0.1}                6   
8    {u'n_estimators': 600, u'learning_rate': 0.1}                1   
9    {u'n_estimators': 700, u'learning_rate': 0.1}                5   
10  {u'n_estimators': 300, u'learning_rate': 0.15}                2   
11  {u'n_estimators': 400, u'learning_rate': 0.15}                3   
12  {u'n_estimators': 500, u'learning_rate': 0.15}                7   
13  {u'n_estimators': 600, u'learning_rate': 0.15}               11   
14  {u'n_estimators': 700, u'learning_rate': 0.15}               15   
15   {u'n_estimators': 300, u'learning_rate': 0.2}                4   
16   {u'n_estimators': 400, u'learning_rate': 0.2}                9   
17   {u'n_estimators': 500, u'learning_rate': 0.2}               13   
18   {u'n_estimators': 600, u'learning_rate': 0.2}               17   
19   {u'n_estimators': 700, u'learning_rate': 0.2}               18   

    split0_test_score  split0_train_score  split1_test_score  \
0           -1.526757           -1.488102          -1.524176   
1           -1.520227           -1.471257          -1.518761   
2           -1.516023           -1.457467          -1.515355   
3           -1.513760           -1.445845          -1.513324   
4           -1.512408           -1.435355          -1.511373   
5           -1.513155           -1.444454          -1.512982   
6           -1.511054           -1.423885          -1.510260   
7           -1.510485           -1.406161          -1.508980   
8           -1.510372           -1.390009          -1.508662   
9           -1.510785           -1.374151          -1.508679   
10          -1.510517           -1.412524          -1.508705   
11          -1.510865           -1.387018          -1.508329   
12          -1.511731           -1.364957          -1.509005   
13          -1.513990           -1.345520          -1.510581   
14          -1.516183           -1.328390          -1.512030   
15          -1.510851           -1.384829          -1.508640   
16          -1.512543           -1.356149          -1.509909   
17          -1.514688           -1.332393          -1.511856   
18          -1.517541           -1.310511          -1.514651   
19          -1.520576           -1.290127          -1.516868   

    split1_train_score  split2_test_score  split2_train_score  std_fit_time  \
0            -1.487670          -1.515616           -1.495152      0.120265   
1            -1.472423          -1.509088           -1.479099      0.125306   
2            -1.459744          -1.505140           -1.466188      0.148275   
3            -1.448908          -1.502997           -1.455069      0.358247   
4            -1.438294          -1.501290           -1.444856      0.578815   
5            -1.447199          -1.502569           -1.453793      0.145111   
6            -1.427081          -1.499979           -1.433672      0.141719   
7            -1.410063          -1.498916           -1.416581      0.171591   
8            -1.394870          -1.498373           -1.401763      0.177019   
9            -1.380491          -1.498680           -1.387564      0.318619   
10           -1.416522          -1.498201           -1.422429      0.153671   
11           -1.392639          -1.498685           -1.399964      0.233414   
12           -1.371763          -1.499032           -1.379368      0.971609   
13           -1.353146          -1.500806           -1.361317      0.689688   
14           -1.334424          -1.502168           -1.345153      1.313684   
15           -1.390068          -1.498500           -1.397812      0.112555   
16           -1.361960          -1.499475           -1.371039      0.206310   
17           -1.337697          -1.502242           -1.347869      0.167524   
18           -1.315554          -1.504976           -1.327217      0.503190   
19           -1.295201          -1.507558           -1.308670      0.258441   

    std_score_time  std_test_score  std_train_score  
0         0.004074        0.004762         0.003430  
1         0.008041        0.004942         0.003455  
2         0.007619        0.004980         0.003693  
3         0.005254        0.004974         0.003836  
4         0.006552        0.005015         0.003972  
5         0.001619        0.004950         0.003919  
6         0.004837        0.005044         0.004075  
7         0.006175        0.005136         0.004298  
8         0.007358        0.005300         0.004822  
9         0.006337        0.005281         0.005478  
10        0.005788        0.005429         0.004069  
11        0.004042        0.005247         0.005300  
12        0.005597        0.005458         0.005886  
13        0.003342        0.005588         0.006450  
14        0.006059        0.005878         0.006932  
15        0.002263        0.005378         0.005333  
16        0.002183        0.005643         0.006127  
17        0.002929        0.005327         0.006422  
18        0.005514        0.005373         0.006996  
19        0.013269        0.005476         0.007824  
accuracy: 0.424790
Time used: 24.7920354962.
